<?xml version="1.0" encoding="UTF-8"?>
<!-- Generated by org.testng.reporters.JUnitReportReporter -->
<testsuite hostname="VENOM" failures="0" tests="2" name="pagestest.LoginJson" time="11.581" errors="0" timestamp="2025-06-07T14:56:15 IST" skipped="0">
  <testcase classname="pagestest.LoginJson" name="Login_test_with_Invalid_data_test" time="7.969"/>
  <testcase classname="pagestest.LoginJson" name="Login_test_with_valid_data_test" time="3.612"/>
</testsuite> <!-- pagestest.LoginJson -->
