<?xml version="1.0" encoding="UTF-8"?>
<!-- Generated by org.testng.reporters.JUnitReportReporter -->
<testsuite hostname="VENOM" failures="0" tests="2" name="pagestest.LoginExceldataprovider" time="8.522" errors="0" timestamp="2025-06-07T15:01:46 IST" skipped="0">
  <testcase classname="pagestest.LoginExceldataprovider" name="Login_test_with_Invalid_data_test" time="2.023"/>
  <testcase classname="pagestest.LoginExceldataprovider" name="Login_test_with_valid_data_test" time="6.499"/>
</testsuite> <!-- pagestest.LoginExceldataprovider -->
