<?xml version="1.0" encoding="UTF-8"?>
<!-- Generated by org.testng.reporters.JUnitReportReporter -->
<testsuite hostname="VENOM" failures="0" tests="2" name="pagestest.Login" time="9.635" errors="0" timestamp="2025-06-07T14:52:11 IST" skipped="0">
  <testcase classname="pagestest.Login" name="Login_test_with_Invalid_data_test" time="6.055"/>
  <testcase classname="pagestest.Login" name="Login_test_with_valid_data_test" time="3.580"/>
</testsuite> <!-- pagestest.Login -->
