<?xml version="1.0" encoding="UTF-8"?>
<!-- Generated by org.testng.reporters.JUnitReportReporter -->
<testsuite hostname="DESKTOP-L755MN9" failures="0" tests="2" name="pagestest.LoginJsonDataprovider" time="0.000" errors="0" timestamp="2025-03-07T11:33:46 IST" skipped="2">
  <testcase classname="pagestest.LoginJsonDataprovider" name="Login_test_with_Invalid_data_test" time="0.000">
    <skipped/>
  </testcase> <!-- Login_test_with_Invalid_data_test -->
  <system-out/>
  <testcase classname="pagestest.LoginJsonDataprovider" name="Login_test_with_valid_data_test" time="0.000">
    <skipped/>
  </testcase> <!-- Login_test_with_valid_data_test -->
  <system-out/>
</testsuite> <!-- pagestest.LoginJsonDataprovider -->
