<?xml version="1.0" encoding="UTF-8"?>
<!-- Generated by org.testng.reporters.JUnitReportReporter -->
<testsuite hostname="DESKTOP-L755MN9" failures="0" tests="1" name="pagestest.LoginExceldataprovider" time="3.601" errors="0" timestamp="2025-04-11T15:10:13 IST" skipped="0">
  <testcase classname="pagestest.LoginExceldataprovider" name="Login_test_with_valid_data_test" time="3.601"/>
</testsuite> <!-- pagestest.LoginExceldataprovider -->
